<?xml version="1.0" encoding="UTF-8"?>
<testng-results skipped="0" failed="0" total="1" passed="1">
  <reporter-output>
  </reporter-output>
  <suite name="Suite" duration-ms="28199" started-at="2018-04-21T03:41:16Z" finished-at="2018-04-21T03:41:44Z">
    <groups>
    </groups>
    <test name="Test" duration-ms="28199" started-at="2018-04-21T03:41:16Z" finished-at="2018-04-21T03:41:44Z">
      <class name="com.crm.tests.Home">
        <test-method status="PASS" signature="BasePageNavigation()[pri:0, instance:com.crm.tests.Home@6f7fd0e6]" name="BasePageNavigation" duration-ms="28147" started-at="2018-04-21T09:11:16Z" finished-at="2018-04-21T09:11:44Z">
          <reporter-output>
          </reporter-output>
        </test-method> <!-- BasePageNavigation -->
      </class> <!-- com.crm.tests.Home -->
    </test> <!-- Test -->
  </suite> <!-- Suite -->
</testng-results>
